Login attempt for voter ID: AKS1234567
Login attempt for voter ID: AKS1234567
Successful login for voter: AKS1234567
Login attempt for voter ID: BLA1234567
Login attempt for voter ID: SAM1234567
Login attempt for voter ID: ABC1234567
User not found: ABC1234567
Login attempt for voter ID: ABC1234567
User not found: ABC1234567
Login attempt for voter ID: ABC1234567
User not found: ABC1234567
Login attempt for voter ID: AKS1234567
Invalid credentials for voter: AKS1234567
Login attempt for voter ID: AKS1234567
Login error: NOT NULL constraint failed: voting_votersession.session_key
Login attempt for voter ID: AKS1234567
Invalid credentials for voter: AKS1234567
Login attempt for voter ID: AKS1234567
Successful login for voter: AKS1234567
Login attempt for voter ID: ABC1234567
User not found: ABC1234567
Login attempt for voter ID: ABC1234567
User not found: ABC1234567
Login attempt for voter ID: AKS1234567
Login error: UNIQUE constraint failed: voting_votersession.session_key
Login attempt for voter ID: AKS1234567
Login error: UNIQUE constraint failed: voting_votersession.session_key
Login attempt for voter ID: AKS1234567
Login error: UNIQUE constraint failed: voting_votersession.session_key
Login attempt for voter ID: MOM1234567
Login attempt for voter ID: MOM1234567
Login error: NOT NULL constraint failed: voting_votersession.session_key
Login attempt for voter ID: MOM1234567
Successful login for voter: MOM1234567
Login attempt for voter ID: SAM1234567
Invalid credentials for voter: SAM1234567
Login attempt for voter ID: SAM1234567
Invalid credentials for voter: SAM1234567
Login attempt for voter ID: SAM1234567
Login attempt for voter ID: MOM1234567
Login error: UNIQUE constraint failed: voting_votersession.session_key
Login attempt for voter ID: MOM1234567
Login error: UNIQUE constraint failed: voting_votersession.session_key
Login attempt for voter ID: MOM1234567
Login error: UNIQUE constraint failed: voting_votersession.session_key
Login attempt for voter ID: MOM1234567
Login error: UNIQUE constraint failed: voting_votersession.session_key
Login attempt for voter ID: AKS1234567
Login error: NOT NULL constraint failed: voting_votersession.session_key
Login attempt for voter ID: AKS1234567
Successful login for voter: AKS1234567
Login attempt for voter ID: MOM1234567
Successful login for voter: MOM1234567
Login attempt for voter ID: AKS1234567
Successful login for voter: AKS1234567
Login attempt for voter ID: AKS1234567
Successful login for voter: AKS1234567
Login attempt for voter ID: AKS1234567
Successful login for voter: AKS1234567
Login attempt for voter ID: AKS1234567
Successful login for voter: AKS1234567
Login attempt for voter ID: AKS1234567
Login error: UNIQUE constraint failed: voting_votersession.session_key
Login attempt for voter ID: AKS1234567
Login error: UNIQUE constraint failed: voting_votersession.session_key
Login attempt for voter ID: MOM1234567
Login error: NOT NULL constraint failed: voting_votersession.session_key
Login attempt for voter ID: MOM1234567
Successful login for voter: MOM1234567
Login attempt for voter ID: AKS1234567
Successful login for voter: AKS1234567
Login attempt for voter ID: AKS1234567
Successful login for voter: AKS1234567
Login attempt for voter ID: AKS1234567
Successful login for voter: AKS1234567
Login attempt for voter ID: AKS1234567
Successful login for voter: AKS1234567
Login attempt for voter ID: ABC1234567
Login attempt for voter ID: ABC1234567
Successful login for voter: ABC1234567
Login attempt for voter ID: AKS1234567
Successful login for voter: AKS1234567
Login attempt for voter ID: ABC1234567
Successful login for voter: ABC1234567
Login attempt for voter ID: ABC1234567
Successful login for voter: ABC1234567
Login attempt for voter ID: ABC1234567
Successful login for voter: ABC1234567
Login attempt for voter ID: ABC1234567
Successful login for voter: ABC1234567
Login attempt for voter ID: ABC1234567
Successful login for voter: ABC1234567
Vote casting attempt by ABC1234567: {'election_id': '${electionId}', 'candidate_id': '${candidate.id}'}
Error casting vote: ['“${candidate.id}” is not a valid UUID.']
Vote casting attempt by ABC1234567: {'election_id': '${electionId}', 'candidate_id': '${candidate.id}'}
Error casting vote: ['“${candidate.id}” is not a valid UUID.']
Vote casting attempt by ABC1234567: {'election_id': '${electionId}', 'candidate_id': '${candidate.id}'}
Error casting vote: ['“${candidate.id}” is not a valid UUID.']
Vote casting attempt by ABC1234567: {'election_id': '${electionId}', 'candidate_id': '${candidate.id}'}
Error casting vote: ['“${candidate.id}” is not a valid UUID.']
Login attempt for voter ID: ABC1234567
Successful login for voter: ABC1234567
Login attempt for voter ID: ABC1234567
Successful login for voter: ABC1234567
Login attempt for voter ID: AKS1234567
Invalid credentials for voter: AKS1234567
Login attempt for voter ID: AKS1234567
Successful login for voter: AKS1234567
Login attempt for voter ID: ABC1234567
Successful login for voter: ABC1234567
Login attempt for voter ID: SAM1234567
Successful login for voter: SAM1234567
Login attempt for voter ID: ABC1234567
Successful login for voter: ABC1234567
Login attempt for voter ID: ABC1234567
Successful login for voter: ABC1234567
Vote casting attempt by ABC1234567: {'election_id': '6734570c-426a-4d41-8db8-fd145dbd7b36', 'candidate_id': '357257b4-02ff-4d41-bdb6-5de3dbfee222'}
Vote created: ec4b1449-4d35-4e75-ab7b-22ffd5148cc5
Login attempt for voter ID: SAM1234567
Invalid credentials for voter: SAM1234567
Login attempt for voter ID: SAM1234567
Successful login for voter: SAM1234567
Vote casting attempt by SAM1234567: {'election_id': '6734570c-426a-4d41-8db8-fd145dbd7b36', 'candidate_id': '357257b4-02ff-4d41-bdb6-5de3dbfee222'}
Vote created: 351f154e-627f-47cc-9a2b-5947440ac70f
Login attempt for voter ID: ABC1234567
Successful login for voter: ABC1234567
Login attempt for voter ID: ABC1234567
Successful login for voter: ABC1234567
Login attempt for voter ID: ABC1234567
Successful login for voter: ABC1234567
Admin 'admin' logged in.
Admin 'admin' logged in.
Admin 'admin' logged in.
Admin 'admin' logged in.
Admin 'admin' logged in.
Login attempt for voter ID: ABC1234567
Successful login for voter: ABC1234567
Login attempt for voter ID: ABC1234567
Successful login for voter: ABC1234567
Admin 'admin' logged in.
Admin 'admin' logged in.
Admin 'admin' logged in.
Admin 'admin' logged in.
Admin 'admin' logged in.
Admin 'admin' logged in.
Login attempt for voter ID: ABC1234567
Successful login for voter: ABC1234567
Admin 'admin' logged in.
Login attempt for voter ID: ABC1234567
Successful login for voter: ABC1234567
Admin 'admin' logged in.
Login attempt for voter ID: ABC1234567
Successful login for voter: ABC1234567
Admin 'admin' logged in.
Admin 'admin' logged in.
Login attempt for voter ID: ABC1234567
Successful login for voter: ABC1234567
Vote casting attempt by ABC1234567: {'election_id': '0da73345-a058-4543-a24c-f439b062c907', 'candidate_id': 'bfe0c6da-9d74-479b-819d-de5782f2502a'}
Vote created: 858dca25-6417-45a9-a58b-277db4251dee
Admin 'admin' logged in.
Admin 'admin' logged in.
Login attempt for voter ID: ABC1234567
Successful login for voter: ABC1234567
Login attempt for voter ID: ABC1234567
Login error: UNIQUE constraint failed: voting_votersession.session_key
Login attempt for voter ID: ABC1234567
Login error: UNIQUE constraint failed: voting_votersession.session_key
Login attempt for voter ID: ABC1234567
Login error: UNIQUE constraint failed: voting_votersession.session_key
Login attempt for voter ID: ABC1234567
Login error: UNIQUE constraint failed: voting_votersession.session_key
Login attempt for voter ID: ABC1234567
Login error: UNIQUE constraint failed: voting_votersession.session_key
Login attempt for voter ID: ABC1234567
Login error: UNIQUE constraint failed: voting_votersession.session_key
Login attempt for voter ID: SAM1234567
Invalid credentials for voter: SAM1234567
Login attempt for voter ID: AKS1234567
Invalid credentials for voter: AKS1234567
Login attempt for voter ID: AKS1234567
Successful login for voter: AKS1234567
Admin 'admin' logged in.
Login attempt for voter ID: ABC1234567
Successful login for voter: ABC1234567
Login attempt for voter ID: AKS1234567
Invalid credentials for voter: AKS1234567
Login attempt for voter ID: AKS1234567
Successful login for voter: AKS1234567
Admin 'admin' logged in.
Login attempt for voter ID: AKS1234567
Successful login for voter: AKS1234567
Vote casting attempt by AKS1234567: {'election_id': '425e2953-21a0-4675-88df-f6b460c40384', 'candidate_id': 'f3f416e1-e28a-457d-97df-79dc0bc72b5a'}
Vote created: f82ccd95-e260-483e-8bbf-552511412577
Vote casting attempt by AKS1234567: {'election_id': '0da73345-a058-4543-a24c-f439b062c907', 'candidate_id': 'c2ba3c80-82e8-433e-ad85-7d7be6250435'}
Vote created: 34389eeb-c516-4bdd-a3e0-75e902b1a419
Admin 'admin' logged in.
Admin 'admin' logged in.
Login attempt for voter ID: ESH1234567
Successful login for voter: ESH1234567
Vote casting attempt by ESH1234567: {'election_id': '425e2953-21a0-4675-88df-f6b460c40384', 'candidate_id': 'f3f416e1-e28a-457d-97df-79dc0bc72b5a'}
Vote created: 83cd14b4-01d9-4cb4-b9a7-25340f469d71
Login attempt for voter ID: ESH1234567
Login error: duplicate key value violates unique constraint "voting_votersession_session_key_key"
DETAIL:  Key (session_key)=(oazig5nw0qfqj885i09wsorr5z7lkjkx) already exists.

Login attempt for voter ID: SAM1234567
Invalid credentials for voter: SAM1234567
Login attempt for voter ID: SAM1234567
Successful login for voter: SAM1234567
Vote casting attempt by SAM1234567: {'election_id': '0da73345-a058-4543-a24c-f439b062c907', 'candidate_id': 'bfe0c6da-9d74-479b-819d-de5782f2502a'}
Vote created: e727b80b-8a36-4f3d-b21d-b17a55b68e09
Login attempt for voter ID: ESH1234567
Successful login for voter: ESH1234567
Vote casting attempt by ESH1234567: {'election_id': '0da73345-a058-4543-a24c-f439b062c907', 'candidate_id': 'c2ba3c80-82e8-433e-ad85-7d7be6250435'}
Vote created: ebb1fcb0-d395-4562-ade7-cf1bd967ccb6
Admin 'admin' logged in.
Admin 'admin' logged in.
Admin 'admin' logged in.
Login attempt for voter ID: ABC1234567
Successful login for voter: ABC1234567
Vote casting attempt by ABC1234567: {'election_id': '425e2953-21a0-4675-88df-f6b460c40384', 'candidate_id': '5cefeb32-1227-453c-81b9-20b3cc366128'}
Vote created: 47b5c5af-ef6c-45e8-8398-d0c511e8dd35
Admin 'admin' logged in.
Login attempt for voter ID: ABC1234567
Successful login for voter: ABC1234567
Vote casting attempt by ABC1234567: {'election_id': '4be164ad-b907-4d09-acbf-7d6271675342', 'candidate_id': '357257b4-02ff-4d41-bdb6-5de3dbfee222'}
Vote created: de666a55-8249-4b85-b241-d0cd8ce6a8f7
Admin 'admin' logged in.
Login attempt for voter ID: ESH1234567
Successful login for voter: ESH1234567
Vote casting attempt by ESH1234567: {'election_id': '4be164ad-b907-4d09-acbf-7d6271675342', 'candidate_id': '27bddf12-700c-41e7-b926-7da35474209e'}
Vote created: cd71abbb-535e-4e63-9df7-6e68655d294d
Admin 'admin' logged in.
Login attempt for voter ID: ABC1234567
Successful login for voter: ABC1234567
Login attempt for voter ID: ABC1234567
Successful login for voter: ABC1234567
Login attempt for voter ID: ABC1234567
Login error: duplicate key value violates unique constraint "voting_votersession_session_key_key"
DETAIL:  Key (session_key)=(trbn2ax33ohw9rpwdk760pwk8csgex2b) already exists.

Login attempt for voter ID: ESH1234567
Successful login for voter: ESH1234567
Admin 'admin' logged in.
Admin 'admin' logged in.
Login attempt for voter ID: ABC1234567
Successful login for voter: ABC1234567
Login attempt for voter ID: ABC1234567
Login error: duplicate key value violates unique constraint "voting_votersession_session_key_key"
DETAIL:  Key (session_key)=(k8blxed98fwwjwtyqdo56f8t4jghgax0) already exists.

Login attempt for voter ID: ESH1234567
Successful login for voter: ESH1234567
Login attempt for voter ID: ABC1234567
Successful login for voter: ABC1234567
Login attempt for voter ID: ABC1234567
Successful login for voter: ABC1234567
Login attempt for voter ID: AKS1234567
Successful login for voter: AKS1234567
Admin 'admin' logged in.
Registration error: strptime() argument 1 must be str, not None
